<?xml version="1.0" encoding="UTF-8"?>
<Site BuildName="Win32-mingw32-make"
	BuildStamp="20231122-0733-Experimental"
	Name="LAPTOP-ANNA"
	Generator="ctest-3.26.0"
	CompilerName="C:/Users/annab/scoop/apps/mingw/current/bin/g++.exe"
	CompilerVersion="12.2.0"
	OSName="Windows"
	Hostname="LAPTOP-ANNA"
	OSRelease=" Personal"
	OSVersion=" (Build 19045)"
	OSPlatform="AMD64"
	Is64Bits="1"
	VendorString="AuthenticAMD"
	VendorID="Advanced Micro Devices"
	FamilyID="15"
	ModelID="0"
	ProcessorCacheSize="64"
	NumberOfLogicalCPU="16"
	NumberOfPhysicalCPU="8"
	TotalVirtualMemory="37024"
	TotalPhysicalMemory="32160"
	LogicalProcessorsPerPhysical="2"
	ProcessorClockFrequency="3293"
	>
	<Testing>
		<StartDateTime>Nov 22 09:29 Rom, normaltid</StartDateTime>
		<StartTestTime>1700641780</StartTestTime>
		<TestList/>
		<EndDateTime>Nov 22 09:29 Rom, normaltid</EndDateTime>
		<EndTestTime>1700641780</EndTestTime>
		<ElapsedMinutes>0</ElapsedMinutes>
	</Testing>
</Site>
